iMPACT Version: G.38
iMPACT log file Started on 2005/02/10 03:23:00
// *** BATCH CMD : setPreference -pref UserLevel:NOVICE
// *** BATCH CMD : setPreference -pref MessageLevel:DETAILED
// *** BATCH CMD : setPreference -pref ConcurrentMode:FALSE
// *** BATCH CMD : setPreference -pref UseHighz:FALSE
// *** BATCH CMD : setPreference -pref ConfigOnFailure:STOP
// *** BATCH CMD : setPreference -pref StartupCLock:AUTO_CORRECTION
// *** BATCH CMD : setPreference -pref AutoSignature:FALSE
// *** BATCH CMD : setPreference -pref KeepSVF:FALSE
// *** BATCH CMD : setPreference -pref svfUseTime:FALSE
// *** BATCH CMD : setPreference -pref UserLevel:NOVICE
// *** BATCH CMD : setPreference -pref MessageLevel:DETAILED
// *** BATCH CMD : setPreference -pref ConcurrentMode:FALSE
// *** BATCH CMD : setPreference -pref UseHighz:FALSE
// *** BATCH CMD : setPreference -pref ConfigOnFailure:STOP
// *** BATCH CMD : setPreference -pref StartupCLock:AUTO_CORRECTION
// *** BATCH CMD : setPreference -pref AutoSignature:FALSE
// *** BATCH CMD : setPreference -pref KeepSVF:FALSE
// *** BATCH CMD : setPreference -pref svfUseTime:FALSE
GUI --- Boundary-Scan Mode selected
// *** BATCH CMD : setMode -bs
GUI --- Auto connect to cable...
// *** BATCH CMD : setCable -port auto
AutoDetecting cable. Please wait.
CB_PROGRESS_START - Starting Operation.
Connecting to cable (USB Port).
Cable connection failed.
Connecting to cable (Parallel Port - LPT1).
Checking cable driver.
 Driver windrvr6.sys version = 6.2.2.2. LPT base address = 0378h.
 ECP base address = 0778h.
 ECP hardware is detected.
Cable connection established.
Connecting to cable (Parallel Port - LPT1) in ECP mode.
Checking cable driver.
 Driver xpc4drvr.sys version = 1.0.3.0. LPT base address = 0378h.
 Cable Type = 1, Revision = 3.
Cable connection established.
CB_PROGRESS_END - End Operation.
Elapsed time =      7 sec.
// *** BATCH CMD : Identify
PROGRESS_START - Starting Operation.
Identifying chain contents ....'1': : Manufacturer's ID =Xilinx xc2vp30, Version : 1
INFO:iMPACT:1777 - 
Reading C:/Xilinx/virtex2p/data/xc2vp30.bsd...
Reading C:/Xilinx/virtex2p/data/xc2vp30.bsd...
INFO:iMPACT:501 - '1': Added Device xc2vp30 successfully.
----------------------------------------------------------------------
----------------------------------------------------------------------
'2': : Manufacturer's ID =Xilinx xccace, Version : 0
INFO:iMPACT:1777 - 
Reading C:/Xilinx/acecf/data/xccace.bsd...
Reading C:/Xilinx/acecf/data/xccace.bsd...
INFO:iMPACT:501 - '1': Added Device xccace successfully.
----------------------------------------------------------------------
----------------------------------------------------------------------
'3': : Manufacturer's ID =Xilinx xcf32p, Version : 15
INFO:iMPACT:1777 - 
Reading C:/Xilinx/xcfp/data/xcf32p.bsd...
Reading C:/Xilinx/xcfp/data/xcf32p.bsd...
INFO:iMPACT:501 - '1': Added Device xcf32p successfully.
----------------------------------------------------------------------
----------------------------------------------------------------------
done.
PROGRESS_END - End Operation.
Elapsed time =      1 sec.
INFO:iMPACT:1835 - Loading CFI file BYPASS.cfi
CFI file not found, proceed with device default setting.
// *** BATCH CMD : addDevice -position 3 -file "Z:\2\Lab2HW\temac\temac1_top.bit"
'3': Loading file 'Z:\2\Lab2HW\temac\temac1_top.bit' ...
done.
WARNING:iMPACT:1049 - Startup Clock has been changed to 'JtagClk' in the bitstream stored in memory,
but the original bitstream file remains unchanged.
but the original bitstream file remains unchanged.
INFO:iMPACT:501 - '3': Added Device xc2vp30 successfully.
----------------------------------------------------------------------
----------------------------------------------------------------------
// *** BATCH CMD : deleteDevice -position 4
----------------------------------------------------------------------
// *** BATCH CMD : Program -p 3 
PROGRESS_START - Starting Operation.
Validating chain...
Boundary-scan chain validated successfully.
'3':Programming  device...
'3': Reading status register contents...
INFO:iMPACT:2146 - Status register values:
INFO:iMPACT - 0011 0111 1101 1000 0000 0000 0000 0000 
done.
INFO:iMPACT:579 - '3': Completed downloading bit file to device.
INFO:iMPACT:580 - '3':Checking done pin ....done.
'3': Programmed successfully.
PROGRESS_END - End Operation.
Elapsed time =      3 sec.
*****   Closing iMPACT program.   *****
----------------------------------------------------------------------
----------------------------------------------------------------------
----------------------------------------------------------------------
----------------------------------------------------------------------
